0 info it worked if it ends with ok
1 verbose cli [ 'C:\\Program Files\\node.exe',
1 verbose cli   'C:\\Users\\Administrator\\AppData\\Roaming\\npm\\node_modules\\npm\\bin\\npm-cli.js',
1 verbose cli   'run',
1 verbose cli   'webpack' ]
2 info using npm@4.0.3
3 info using node@v6.9.2
4 verbose run-script [ 'prewebpack', 'webpack', 'postwebpack' ]
5 info lifecycle webpack-demo1@1.0.0~prewebpack: webpack-demo1@1.0.0
6 silly lifecycle webpack-demo1@1.0.0~prewebpack: no script for prewebpack, continuing
7 info lifecycle webpack-demo1@1.0.0~webpack: webpack-demo1@1.0.0
8 verbose lifecycle webpack-demo1@1.0.0~webpack: unsafe-perm in lifecycle true
9 verbose lifecycle webpack-demo1@1.0.0~webpack: PATH: C:\Users\Administrator\AppData\Roaming\npm\node_modules\npm\bin\node-gyp-bin;F:\es-6\webpack-demo2\node_modules\.bin;C:\Users\Administrator\bin;C:\Program Files\Git\mingw64\bin;C:\Program Files\Git\usr\local\bin;C:\Program Files\Git\usr\bin;C:\Program Files\Git\usr\bin;C:\Program Files\Git\mingw64\bin;C:\Program Files\Git\usr\bin;C:\Users\Administrator\bin;C:\Ruby23-x64\bin;C:\Windows\system32;C:\Windows;C:\Windows\System32\Wbem;C:\Windows\System32\WindowsPowerShell\v1.0;C:\Program Files (x86)\ATI Technologies\ATI.ACE\Core-Static;C:\Program Files\Git\cmd;C:\Program Files\Git\mingw64\bin;C:\Program Files\Git\usr\bin;C:\Program Files;C:\Users\Administrator\AppData\Roaming\npm;F:\Program Files\Microsoft VS Code\bin;C:\Program Files\Git\usr\bin\vendor_perl;C:\Program Files\Git\usr\bin\core_perl
10 verbose lifecycle webpack-demo1@1.0.0~webpack: CWD: F:\es-6\webpack-demo2
11 silly lifecycle webpack-demo1@1.0.0~webpack: Args: [ '/d /s /c',
11 silly lifecycle   'webpack --config webpack.config.js --progress --display-modules --colors --display-reasons' ]
12 silly lifecycle webpack-demo1@1.0.0~webpack: Returned: code: 2  signal: null
13 info lifecycle webpack-demo1@1.0.0~webpack: Failed to exec webpack script
14 verbose stack Error: webpack-demo1@1.0.0 webpack: `webpack --config webpack.config.js --progress --display-modules --colors --display-reasons`
14 verbose stack Exit status 2
14 verbose stack     at EventEmitter.<anonymous> (C:\Users\Administrator\AppData\Roaming\npm\node_modules\npm\lib\utils\lifecycle.js:279:16)
14 verbose stack     at emitTwo (events.js:106:13)
14 verbose stack     at EventEmitter.emit (events.js:191:7)
14 verbose stack     at ChildProcess.<anonymous> (C:\Users\Administrator\AppData\Roaming\npm\node_modules\npm\lib\utils\spawn.js:40:14)
14 verbose stack     at emitTwo (events.js:106:13)
14 verbose stack     at ChildProcess.emit (events.js:191:7)
14 verbose stack     at maybeClose (internal/child_process.js:877:16)
14 verbose stack     at Process.ChildProcess._handle.onexit (internal/child_process.js:226:5)
15 verbose pkgid webpack-demo1@1.0.0
16 verbose cwd F:\es-6\webpack-demo2
17 error Windows_NT 6.1.7601
18 error argv "C:\\Program Files\\node.exe" "C:\\Users\\Administrator\\AppData\\Roaming\\npm\\node_modules\\npm\\bin\\npm-cli.js" "run" "webpack"
19 error node v6.9.2
20 error npm  v4.0.3
21 error code ELIFECYCLE
22 error webpack-demo1@1.0.0 webpack: `webpack --config webpack.config.js --progress --display-modules --colors --display-reasons`
22 error Exit status 2
23 error Failed at the webpack-demo1@1.0.0 webpack script 'webpack --config webpack.config.js --progress --display-modules --colors --display-reasons'.
23 error Make sure you have the latest version of node.js and npm installed.
23 error If you do, this is most likely a problem with the webpack-demo1 package,
23 error not with npm itself.
23 error Tell the author that this fails on your system:
23 error     webpack --config webpack.config.js --progress --display-modules --colors --display-reasons
23 error You can get information on how to open an issue for this project with:
23 error     npm bugs webpack-demo1
23 error Or if that isn't available, you can get their info via:
23 error     npm owner ls webpack-demo1
23 error There is likely additional logging output above.
24 verbose exit [ 1, true ]
